14:55:24.451 [main] INFO  - Browser is launched successfully
15:01:12.368 [main] INFO  - Browser is launched successfully
15:01:14.553 [main] INFO  - Value is entered into Email_ID Text box
15:01:14.882 [main] INFO  - Value is entered into Password Text box
15:01:15.291 [main] INFO  - Login Button is successfully clicked
15:13:28.916 [main] INFO  - Browser is launched successfully
15:13:29.553 [main] INFO  - Value is entered into Phone Number Text box
15:13:29.978 [main] INFO  - Value is entered into Password Text box
15:13:30.305 [main] INFO  - Login Button is successfully clicked
15:14:39.710 [main] INFO  - Browser is launched successfully
15:14:42.785 [main] INFO  - Value is entered into Phone Number Text box
15:14:43.359 [main] INFO  - Value is entered into Password Text box
15:14:43.587 [main] INFO  - Login Button is successfully clicked
15:16:13.348 [main] INFO  - Browser is launched successfully
15:16:13.967 [main] INFO  - Value is entered into Phone Number Text box
15:16:14.408 [main] INFO  - Value is entered into Password Text box
15:16:14.757 [main] INFO  - Login Button is successfully clicked
15:16:59.727 [main] INFO  - Browser is launched successfully
15:17:00.395 [main] INFO  - Value is entered into Phone Number Text box
15:17:00.922 [main] INFO  - Value is entered into Password Text box
15:17:01.252 [main] INFO  - Login Button is successfully clicked
15:33:47.809 [main] INFO  - Browser is launched successfully
15:33:48.590 [main] INFO  - Value is entered into Phone Number Text box
15:33:49.067 [main] INFO  - Value is entered into Password Text box
15:33:49.312 [main] INFO  - Login Button is successfully clicked
15:33:53.164 [main] INFO  - User successfully logged in to the portal
16:07:30.497 [main] INFO  - Browser is launched successfully
16:07:32.478 [main] INFO  - Value is entered into Phone Number Text box
16:07:32.963 [main] INFO  - Value is entered into Password Text box
16:07:33.520 [main] INFO  - Login Button is successfully clicked
16:07:36.720 [main] INFO  - User successfully logged in to the portal
16:41:48.792 [main] INFO  - Browser is launched successfully
16:41:52.682 [main] INFO  - Value is entered into Phone Number Text box
16:41:53.031 [main] INFO  - Value is entered into Password Text box
16:41:53.368 [main] INFO  - Login Button is successfully clicked
16:41:54.989 [main] INFO  - User successfully logged in to the portal
17:06:45.739 [main] INFO  - Browser is launched successfully
17:06:47.504 [main] INFO  - Value is entered into Phone Number Text box
17:06:47.988 [main] INFO  - Value is entered into Password Text box
17:06:48.383 [main] INFO  - Login Button is successfully clicked
17:06:52.580 [main] INFO  - User successfully logged in to the portal
17:06:53.379 [main] INFO  -  + Create Portfolio Button is successfully clicked
19:03:48.296 [main] INFO  - Browser is launched successfully
19:03:50.084 [main] INFO  - Value is entered into Phone Number Text box
19:03:50.486 [main] INFO  - Value is entered into Password Text box
19:03:50.906 [main] INFO  - Login Button is successfully clicked
19:03:52.808 [main] INFO  - User successfully logged in to the portal
19:15:56.767 [main] INFO  - Browser is launched successfully
19:15:58.359 [main] INFO  - Value is entered into Phone Number Text box
19:15:58.745 [main] INFO  - Value is entered into Password Text box
19:15:59.071 [main] INFO  - Login Button is successfully clicked
19:16:01.546 [main] INFO  - User successfully logged in to the portal
19:24:36.791 [main] INFO  - Browser is launched successfully
19:24:37.279 [main] INFO  - Value is entered into Phone Number Text box
19:24:37.655 [main] INFO  - Value is entered into Password Text box
19:24:37.904 [main] INFO  - Login Button is successfully clicked
19:24:41.135 [main] INFO  - User successfully logged in to the portal
19:26:58.393 [main] INFO  - Browser is launched successfully
19:26:59.350 [main] INFO  - Value is entered into Phone Number Text box
19:26:59.760 [main] INFO  - Value is entered into Password Text box
19:27:00.047 [main] INFO  - Login Button is successfully clicked
19:27:01.435 [main] INFO  - User successfully logged in to the portal
19:34:54.400 [main] INFO  - Browser is launched successfully
19:34:54.992 [main] INFO  - Value is entered into Phone Number Text box
19:34:55.507 [main] INFO  - Value is entered into Password Text box
19:34:55.822 [main] INFO  - Login Button is successfully clicked
19:35:02.812 [main] INFO  - User successfully logged in to the portal
19:35:04.447 [main] INFO  - Create Portfolio Button is successfully clicked
23:01:26.882 [main] INFO  - Browser is launched successfully
23:01:27.583 [main] INFO  - Value is entered into Phone Number Text box
23:01:28.130 [main] INFO  - Value is entered into Password Text box
23:01:28.397 [main] INFO  - Login Button is successfully clicked
23:01:30.276 [main] INFO  - User successfully logged in to the portal
23:08:22.519 [main] INFO  - Browser is launched successfully
23:08:23.179 [main] INFO  - Value is entered into Phone Number Text box
23:08:23.672 [main] INFO  - Value is entered into Password Text box
23:08:23.931 [main] INFO  - Login Button is successfully clicked
23:08:26.373 [main] INFO  - User successfully logged in to the portal
23:08:32.935 [main] INFO  - Create Portfolio Button is successfully clicked
23:08:33.634 [main] INFO  - Value is entered into Portfolio Name Text box
23:08:33.870 [main] INFO  - Value is entered into Portfolio Code Text box
23:33:21.253 [main] INFO  - Browser is launched successfully
23:33:23.192 [main] INFO  - Value is entered into Phone Number Text box
23:33:23.595 [main] INFO  - Value is entered into Password Text box
23:33:23.894 [main] INFO  - Login Button is successfully clicked
23:33:25.843 [main] INFO  - User successfully logged in to the portal
23:33:28.297 [main] INFO  - Create Portfolio Button is successfully clicked
23:35:12.348 [main] INFO  - Browser is launched successfully
23:35:12.927 [main] INFO  - Value is entered into Phone Number Text box
23:35:13.552 [main] INFO  - Value is entered into Password Text box
23:35:13.892 [main] INFO  - Login Button is successfully clicked
23:35:15.151 [main] INFO  - User successfully logged in to the portal
23:35:18.572 [main] INFO  - Create Portfolio Button is successfully clicked
23:35:19.480 [main] INFO  - Value is entered into Portfolio Name Text box
23:35:19.693 [main] INFO  - Value is entered into Portfolio Code Text box
23:40:58.249 [main] INFO  - Browser is launched successfully
23:40:58.952 [main] INFO  - Value is entered into Phone Number Text box
23:40:59.502 [main] INFO  - Value is entered into Password Text box
23:40:59.766 [main] INFO  - Login Button is successfully clicked
23:41:01.259 [main] INFO  - User successfully logged in to the portal
23:41:04.672 [main] INFO  - Create Portfolio Button is successfully clicked
23:41:47.469 [main] INFO  - Browser is launched successfully
23:41:48.147 [main] INFO  - Value is entered into Phone Number Text box
23:41:48.673 [main] INFO  - Value is entered into Password Text box
23:41:48.983 [main] INFO  - Login Button is successfully clicked
23:41:50.961 [main] INFO  - User successfully logged in to the portal
23:41:53.682 [main] INFO  - Create Portfolio Button is successfully clicked
23:51:04.598 [main] INFO  - Browser is launched successfully
23:51:05.312 [main] INFO  - Value is entered into Phone Number Text box
23:51:05.917 [main] INFO  - Value is entered into Password Text box
23:51:06.195 [main] INFO  - Login Button is successfully clicked
23:51:07.557 [main] INFO  - User successfully logged in to the portal
23:51:10.809 [main] INFO  - Create Portfolio Button is successfully clicked
23:51:11.349 [main] INFO  - Value is entered into Portfolio Name Text box
23:51:11.522 [main] INFO  - Value is entered into Portfolio Code Text box
23:59:20.846 [main] INFO  - Browser is launched successfully
23:59:21.511 [main] INFO  - Value is entered into Phone Number Text box
23:59:22.074 [main] INFO  - Value is entered into Password Text box
23:59:22.352 [main] INFO  - Login Button is successfully clicked
23:59:23.666 [main] INFO  - User successfully logged in to the portal
23:59:26.683 [main] INFO  - Create Portfolio Button is successfully clicked
23:59:27.240 [main] INFO  - Value is entered into Portfolio Name Text box
23:59:27.410 [main] INFO  - Value is entered into Portfolio Code Text box
00:07:48.000 [main] INFO  - Browser is launched successfully
00:07:48.592 [main] INFO  - Value is entered into Phone Number Text box
00:07:49.025 [main] INFO  - Value is entered into Password Text box
00:07:49.356 [main] INFO  - Login Button is successfully clicked
00:07:52.493 [main] INFO  - User successfully logged in to the portal
00:07:55.114 [main] INFO  - Create Portfolio Button is successfully clicked
00:07:55.820 [main] INFO  - Value is entered into Portfolio Name Text box
00:07:56.371 [main] INFO  - Value is entered into Portfolio Code Text box
00:16:00.002 [main] INFO  - Browser is launched successfully
00:16:00.709 [main] INFO  - Value is entered into Phone Number Text box
00:16:01.211 [main] INFO  - Value is entered into Password Text box
00:16:01.481 [main] INFO  - Login Button is successfully clicked
00:16:02.697 [main] INFO  - User successfully logged in to the portal
00:16:05.641 [main] INFO  - Create Portfolio Button is successfully clicked
00:16:06.193 [main] INFO  - Value is entered into Portfolio Name Text box
00:16:06.427 [main] INFO  - Value is entered into Portfolio Code Text box
00:23:29.804 [main] INFO  - Browser is launched successfully
00:23:30.434 [main] INFO  - Value is entered into Phone Number Text box
00:23:30.979 [main] INFO  - Value is entered into Password Text box
00:23:31.285 [main] INFO  - Login Button is successfully clicked
00:23:32.512 [main] INFO  - User successfully logged in to the portal
00:23:35.397 [main] INFO  - Create Portfolio Button is successfully clicked
00:23:36.184 [main] INFO  - Value is entered into Portfolio Name Text box
00:23:36.407 [main] INFO  - Value is entered into Portfolio Code Text box
00:27:04.882 [main] INFO  - Browser is launched successfully
00:27:05.506 [main] INFO  - Value is entered into Phone Number Text box
00:27:06.000 [main] INFO  - Value is entered into Password Text box
00:27:06.305 [main] INFO  - Login Button is successfully clicked
00:27:07.405 [main] INFO  - User successfully logged in to the portal
00:27:10.518 [main] INFO  - Create Portfolio Button is successfully clicked
00:27:11.138 [main] INFO  - Value is entered into Portfolio Name Text box
00:27:11.329 [main] INFO  - Value is entered into Portfolio Code Text box
00:34:31.194 [main] INFO  - Browser is launched successfully
00:34:32.083 [main] INFO  - Value is entered into Phone Number Text box
00:34:32.710 [main] INFO  - Value is entered into Password Text box
00:34:32.967 [main] INFO  - Login Button is successfully clicked
00:34:34.229 [main] INFO  - User successfully logged in to the portal
00:34:37.482 [main] INFO  - Create Portfolio Button is successfully clicked
00:34:38.110 [main] INFO  - Value is entered into Portfolio Name Text box
00:34:38.319 [main] INFO  - Value is entered into Portfolio Code Text box
00:42:11.119 [main] INFO  - Browser is launched successfully
00:42:11.736 [main] INFO  - Value is entered into Phone Number Text box
00:42:12.203 [main] INFO  - Value is entered into Password Text box
00:42:12.502 [main] INFO  - Login Button is successfully clicked
00:42:14.110 [main] INFO  - User successfully logged in to the portal
00:44:08.024 [main] INFO  - Browser is launched successfully
00:44:08.670 [main] INFO  - Value is entered into Phone Number Text box
00:44:09.347 [main] INFO  - Value is entered into Password Text box
00:44:09.643 [main] INFO  - Login Button is successfully clicked
00:44:12.087 [main] INFO  - User successfully logged in to the portal
00:44:15.981 [main] INFO  - Create Portfolio Button is successfully clicked
00:44:16.780 [main] INFO  - Value is entered into Portfolio Name Text box
00:44:17.543 [main] INFO  - Value is entered into Portfolio Code Text box
01:44:56.664 [main] INFO  - Browser is launched successfully
01:44:58.716 [main] INFO  - Value is entered into Phone Number Text box
01:44:59.161 [main] INFO  - Value is entered into Password Text box
01:44:59.735 [main] INFO  - Login Button is successfully clicked
01:45:01.217 [main] INFO  - User successfully logged in to the portal
01:45:05.294 [main] INFO  - Create Portfolio Button is successfully clicked
01:45:05.694 [main] INFO  - Value is entered into Portfolio Name Text box
01:45:05.908 [main] INFO  - Value is entered into Portfolio Code Text box
01:53:01.859 [main] INFO  - Browser is launched successfully
01:53:05.067 [main] INFO  - Value is entered into Phone Number Text box
01:53:05.719 [main] INFO  - Value is entered into Password Text box
01:53:06.013 [main] INFO  - Login Button is successfully clicked
01:53:07.180 [main] INFO  - User successfully logged in to the portal
01:53:11.147 [main] INFO  - Create Portfolio Button is successfully clicked
01:53:11.601 [main] INFO  - Value is entered into Portfolio Name Text box
01:53:12.127 [main] INFO  - Value is entered into Portfolio Code Text box
12:23:47.971 [main] INFO  - Browser is launched successfully
12:23:49.073 [main] INFO  - Value is entered into Phone Number Text box
12:23:49.637 [main] INFO  - Value is entered into Password Text box
12:23:49.966 [main] INFO  - Login Button is successfully clicked
12:23:53.670 [main] INFO  - User successfully logged in to the portal
12:23:56.131 [main] INFO  - Create Portfolio Button is successfully clicked
12:23:56.724 [main] INFO  - Value is entered into Portfolio Name Text box
12:23:56.927 [main] INFO  - Value is entered into Portfolio Code Text box
12:59:18.537 [main] INFO  - Browser is launched successfully
12:59:20.055 [main] INFO  - Value is entered into Phone Number Text box
12:59:20.470 [main] INFO  - Value is entered into Password Text box
12:59:21.078 [main] INFO  - Login Button is successfully clicked
12:59:23.288 [main] INFO  - User successfully logged in to the portal
12:59:26.554 [main] INFO  - Create Portfolio Button is successfully clicked
12:59:27.156 [main] INFO  - Value is entered into Portfolio Name Text box
12:59:28.843 [main] INFO  - Value is entered into Portfolio Code Text box
